#! /opt/homebrew/Cellar/icarus-verilog/13.0/bin/vvp
:ivl_version "13.0 (stable)" "(v13_0)";
:ivl_delay_selection "TYPICAL";
:vpi_time_precision - 12;
:vpi_module "/opt/homebrew/Cellar/icarus-verilog/13.0/lib/ivl/system.vpi";
:vpi_module "/opt/homebrew/Cellar/icarus-verilog/13.0/lib/ivl/vhdl_sys.vpi";
:vpi_module "/opt/homebrew/Cellar/icarus-verilog/13.0/lib/ivl/vhdl_textio.vpi";
:vpi_module "/opt/homebrew/Cellar/icarus-verilog/13.0/lib/ivl/v2005_math.vpi";
:vpi_module "/opt/homebrew/Cellar/icarus-verilog/13.0/lib/ivl/va_math.vpi";
:vpi_module "/opt/homebrew/Cellar/icarus-verilog/13.0/lib/ivl/v2009.vpi";
S_0x88ec84180 .scope package, "$unit" "$unit" 2 1;
 .timescale 0 0;
S_0x88ec84300 .scope module, "tb_gemm" "tb_gemm" 3 3;
 .timescale -9 -12;
v0x88ec8d4a0_0 .var/s "A0_scale", 31 0;
v0x88ec8d540_0 .var/s "A1_scale", 31 0;
v0x88ec8d5e0_0 .var/s "A2_scale", 31 0;
v0x88ec8d680_0 .var "A_base", 9 0;
v0x88ec8d720_0 .var/s "B1_scale", 31 0;
v0x88ec8d7c0_0 .var/s "B2_scale", 31 0;
v0x88ec8d860_0 .var "B_base", 11 0;
v0x88ec8d900_0 .var "C_base", 9 0;
v0x88ec8d9a0_0 .var "K", 15 0;
v0x88ec8da40_0 .var "M", 15 0;
v0x88ec8dae0_0 .var "N", 15 0;
v0x88ec8db80_0 .var/s "W1_scale", 31 0;
v0x88ec8dc20_0 .var/s "W2_scale", 31 0;
v0x88ec8dcc0 .array/s "bias1", 31 0, 31 0;
v0x88ec8dd60 .array/s "bias2", 9 0, 31 0;
v0x88ec8de00_0 .var "clk", 0 0;
v0x88ec8dea0_0 .var/i "cycle_counter", 31 0;
v0x88ec8df40_0 .net "done", 0 0, v0x88ec8bca0_0;  1 drivers
v0x88ec8dfe0_0 .var/i "i", 31 0;
v0x88ec8e080_0 .var/i "image_idx", 31 0;
v0x88ec8e120_0 .var/i "l1_end_cycle", 31 0;
v0x88ec8e1c0 .array/s "l1_int8", 31 0, 7 0;
v0x88ec8e260 .array/s "l1_out", 31 0, 31 0;
v0x88ec8e300_0 .var/i "l1_start_cycle", 31 0;
v0x88ec8e3a0_0 .var/i "l2_end_cycle", 31 0;
v0x88ec8e440 .array/s "l2_out", 9 0, 31 0;
v0x88ec8e4e0_0 .var/i "l2_start_cycle", 31 0;
v0x88ec8e580_0 .var/i "label", 31 0;
v0x88ec8e620_0 .var/s "max_val", 31 0;
v0x88ec8e6c0_0 .var "pred", 3 0;
v0x88ec8e760_0 .var/s "requant_l1", 63 0;
v0x88ec8e800_0 .var/s "requant_l2", 63 0;
v0x88ec8e8a0_0 .var/i "result", 31 0;
v0x88ec8e940_0 .var "rst_n", 0 0;
v0x88ec8e9e0 .array/s "scales", 6 0, 31 0;
v0x88ec8ea80_0 .var "start", 0 0;
v0x88ec8eb20_0 .var/i "stats_file", 31 0;
v0x88ec8ebc0_0 .var/s "temp", 63 0;
v0x88ec8ec60_0 .var/i "total_cycles", 31 0;
E_0x88f0a44c0 .event anyedge, v0x88ec8bca0_0;
S_0x88ec84480 .scope module, "dut" "gemm_accelerator" 3 55, 4 1 0, S_0x88ec84300;
 .timescale -9 -12;
    .port_info 0 /INPUT 1 "clk";
    .port_info 1 /INPUT 1 "rst_n";
    .port_info 2 /INPUT 1 "start";
    .port_info 3 /INPUT 10 "A_base";
    .port_info 4 /INPUT 12 "B_base";
    .port_info 5 /INPUT 10 "C_base";
    .port_info 6 /INPUT 16 "M";
    .port_info 7 /INPUT 16 "K";
    .port_info 8 /INPUT 16 "N";
    .port_info 9 /OUTPUT 1 "done";
P_0x1028b2bf0 .param/l "COMPUTE" 1 4 30, C4<010>;
P_0x1028b2c30 .param/l "DONE" 1 4 32, C4<100>;
P_0x1028b2c70 .param/l "IDLE" 1 4 28, C4<000>;
P_0x1028b2cb0 .param/l "INIT" 1 4 29, C4<001>;
P_0x1028b2cf0 .param/l "N_MAC" 1 4 65, +C4<00000000000000000000000000001000>;
P_0x1028b2d30 .param/l "WRITE" 1 4 31, C4<011>;
v0x88ec8b160_0 .net "A_base", 9 0, v0x88ec8d680_0;  1 drivers
v0x88ec8b200_0 .var "A_base_r", 9 0;
v0x88ec8b2a0_0 .var/s "A_reg", 7 0;
v0x88ec8b340_0 .net "B_base", 11 0, v0x88ec8d860_0;  1 drivers
v0x88ec8b3e0_0 .var "B_base_r", 11 0;
v0x88ec8b480 .array/s "B_reg", 0 7, 7 0;
v0x88ec8b520_0 .net "C_base", 9 0, v0x88ec8d900_0;  1 drivers
v0x88ec8b5c0_0 .var "C_base_r", 9 0;
v0x88ec8b660_0 .net "K", 15 0, v0x88ec8d9a0_0;  1 drivers
v0x88ec8b700_0 .var "K_r", 15 0;
v0x88ec8b7a0_0 .net "M", 15 0, v0x88ec8da40_0;  1 drivers
v0x88ec8b840_0 .var "M_r", 15 0;
v0x88ec8b8e0_0 .net "N", 15 0, v0x88ec8dae0_0;  1 drivers
v0x88ec8b980_0 .var "N_r", 15 0;
v0x88ec8ba20 .array/s "accum_in", 0 7, 31 0;
v0x88ec8bac0 .array/s "accum_reg", 0 7, 31 0;
v0x88ec8bb60_0 .net "clk", 0 0, v0x88ec8de00_0;  1 drivers
v0x88ec8bc00_0 .var "data_valid", 0 0;
v0x88ec8bca0_0 .var "done", 0 0;
v0x88ec8bd40_0 .var "i", 15 0;
v0x88ec8bde0_0 .var "i_max", 15 0;
v0x88ec8be80_0 .var/i "idx", 31 0;
v0x88ec8bf20_0 .var "issue_valid", 0 0;
v0x88ec8c000_0 .var "j", 15 0;
v0x88ec8c0a0_0 .var "j_max", 15 0;
v0x88ec8c140_0 .var "k", 15 0;
v0x88ec8c1e0_0 .var "k_max", 15 0;
v0x88ec8c280_0 .var "last_data", 0 0;
v0x88ec8c320_0 .var "last_issue", 0 0;
v0x88ec8c3c0_0 .var "last_mac", 0 0;
v0x88ec8c460_0 .var "mac_id", 3 0;
v0x88ec8c500 .array "mac_out", 0 7;
v0x88ec8c500_0 .net/s v0x88ec8c500 0, 31 0, L_0x88ec501e0; 1 drivers
v0x88ec8c500_1 .net/s v0x88ec8c500 1, 31 0, L_0x88ec503c0; 1 drivers
v0x88ec8c500_2 .net/s v0x88ec8c500 2, 31 0, L_0x88ec505a0; 1 drivers
v0x88ec8c500_3 .net/s v0x88ec8c500 3, 31 0, L_0x88ec50780; 1 drivers
v0x88ec8c500_4 .net/s v0x88ec8c500 4, 31 0, L_0x88ec50960; 1 drivers
v0x88ec8c500_5 .net/s v0x88ec8c500 5, 31 0, L_0x88ec50b40; 1 drivers
v0x88ec8c500_6 .net/s v0x88ec8c500 6, 31 0, L_0x88ec50d20; 1 drivers
v0x88ec8c500_7 .net/s v0x88ec8c500 7, 31 0, L_0x88ec50f00; 1 drivers
v0x88ec8c5a0_0 .var "mac_valid", 0 0;
v0x88ec8c640_0 .var "next_state", 2 0;
v0x88ec8c6e0_0 .net "rst_n", 0 0, v0x88ec8e940_0;  1 drivers
v0x88ec8c780_0 .var "sram_A_CS", 0 0;
v0x88ec8c820_0 .var "sram_A_RD", 0 0;
v0x88ec8c8c0_0 .var "sram_A_WE", 0 0;
v0x88ec8c960_0 .var "sram_A_addr", 9 0;
v0x88ec8ca00_0 .var "sram_A_din", 7 0;
v0x88ec8caa0_0 .net "sram_A_dout", 7 0, v0x88ec8a6c0_0;  1 drivers
v0x88ec8cb40_0 .var "sram_B_CS", 0 0;
v0x88ec8cbe0_0 .var "sram_B_RD", 0 0;
v0x88ec8cc80_0 .var "sram_B_WE", 0 0;
v0x88ec8cd20_0 .var "sram_B_addr", 11 0;
v0x88ec8cdc0_0 .var "sram_B_din", 63 0;
v0x88ec8ce60_0 .net "sram_B_dout", 63 0, v0x88ec8abc0_0;  1 drivers
v0x88ec8cf00_0 .var "sram_C_CS", 0 0;
v0x88ec8cfa0_0 .var "sram_C_RD", 0 0;
v0x88ec8d040_0 .var "sram_C_WE", 0 0;
v0x88ec8d0e0_0 .var "sram_C_addr", 9 0;
v0x88ec8d180_0 .var "sram_C_din", 31 0;
v0x88ec8d220_0 .net "sram_C_dout", 31 0, v0x88ec8b0c0_0;  1 drivers
v0x88ec8d2c0_0 .net "start", 0 0, v0x88ec8ea80_0;  1 drivers
v0x88ec8d360_0 .var "state", 2 0;
v0x88ec8d400_0 .var "write_done", 0 0;
E_0x88f0a4500/0 .event anyedge, v0x88ec8d360_0, v0x88ec8b200_0, v0x88ec8bd40_0, v0x88ec8b700_0;
v0x88ec8bac0_0 .array/port v0x88ec8bac0, 0;
E_0x88f0a4500/1 .event anyedge, v0x88ec8c140_0, v0x88ec8b3e0_0, v0x88ec8c000_0, v0x88ec8bac0_0;
v0x88ec8bac0_1 .array/port v0x88ec8bac0, 1;
v0x88ec8bac0_2 .array/port v0x88ec8bac0, 2;
v0x88ec8bac0_3 .array/port v0x88ec8bac0, 3;
v0x88ec8bac0_4 .array/port v0x88ec8bac0, 4;
E_0x88f0a4500/2 .event anyedge, v0x88ec8bac0_1, v0x88ec8bac0_2, v0x88ec8bac0_3, v0x88ec8bac0_4;
v0x88ec8bac0_5 .array/port v0x88ec8bac0, 5;
v0x88ec8bac0_6 .array/port v0x88ec8bac0, 6;
v0x88ec8bac0_7 .array/port v0x88ec8bac0, 7;
E_0x88f0a4500/3 .event anyedge, v0x88ec8bac0_5, v0x88ec8bac0_6, v0x88ec8bac0_7, v0x88ec8c460_0;
E_0x88f0a4500/4 .event anyedge, v0x88ec8d2c0_0, v0x88ec8c5a0_0, v0x88ec8c3c0_0, v0x88ec8d400_0;
E_0x88f0a4500/5 .event anyedge, v0x88ec8c0a0_0, v0x88ec8bde0_0;
E_0x88f0a4500 .event/or E_0x88f0a4500/0, E_0x88f0a4500/1, E_0x88f0a4500/2, E_0x88f0a4500/3, E_0x88f0a4500/4, E_0x88f0a4500/5;
E_0x88f0a4540/0 .event negedge, v0x88ec8c6e0_0;
E_0x88f0a4540/1 .event posedge, v0x88ec8a3a0_0;
E_0x88f0a4540 .event/or E_0x88f0a4540/0, E_0x88f0a4540/1;
S_0x88ec84600 .scope generate, "MAC_ARRAY[0]" "MAC_ARRAY[0]" 4 122, 4 122 0, S_0x88ec84480;
 .timescale -9 -12;
P_0x88ec61600 .param/l "g" 1 4 122, +C4<00>;
S_0x88ec84780 .scope module, "mac_inst" "mac" 4 123, 5 1 0, S_0x88ec84600;
 .timescale -9 -12;
    .port_info 0 /INPUT 8 "a";
    .port_info 1 /INPUT 8 "b";
    .port_info 2 /INPUT 32 "accum_in";
    .port_info 3 /OUTPUT 32 "accum_out";
v0x1028b5560_0 .net/s *"_ivl_0", 31 0, L_0x88ec500a0;  1 drivers
v0x88ec88000_0 .net/s *"_ivl_2", 31 0, L_0x88ec50140;  1 drivers
v0x88ec880a0_0 .net/s *"_ivl_5", 31 0, L_0x1028b4e40;  1 drivers
v0x88ec88140_0 .net/s "a", 7 0, v0x88ec8b2a0_0;  1 drivers
v0x88ec8ba20_0 .array/port v0x88ec8ba20, 0;
v0x88ec881e0_0 .net/s "accum_in", 31 0, v0x88ec8ba20_0;  1 drivers
v0x88ec88280_0 .net/s "accum_out", 31 0, L_0x88ec501e0;  alias, 1 drivers
v0x88ec8b480_0 .array/port v0x88ec8b480, 0;
v0x88ec88320_0 .net/s "b", 7 0, v0x88ec8b480_0;  1 drivers
L_0x88ec500a0 .extend/s 32, v0x88ec8b2a0_0;
L_0x88ec50140 .extend/s 32, v0x88ec8b480_0;
L_0x1028b4e40 .arith/mult 32, L_0x88ec500a0, L_0x88ec50140;
L_0x88ec501e0 .arith/sum 32, v0x88ec8ba20_0, L_0x1028b4e40;
S_0x88ec84900 .scope generate, "MAC_ARRAY[1]" "MAC_ARRAY[1]" 4 122, 4 122 0, S_0x88ec84480;
 .timescale -9 -12;
P_0x88ec61680 .param/l "g" 1 4 122, +C4<01>;
S_0x88ec84a80 .scope module, "mac_inst" "mac" 4 123, 5 1 0, S_0x88ec84900;
 .timescale -9 -12;
    .port_info 0 /INPUT 8 "a";
    .port_info 1 /INPUT 8 "b";
    .port_info 2 /INPUT 32 "accum_in";
    .port_info 3 /OUTPUT 32 "accum_out";
v0x88ec883c0_0 .net/s *"_ivl_0", 31 0, L_0x88ec50280;  1 drivers
v0x88ec88460_0 .net/s *"_ivl_2", 31 0, L_0x88ec50320;  1 drivers
v0x88ec88500_0 .net/s *"_ivl_5", 31 0, L_0x1028b4020;  1 drivers
v0x88ec885a0_0 .net/s "a", 7 0, v0x88ec8b2a0_0;  alias, 1 drivers
v0x88ec8ba20_1 .array/port v0x88ec8ba20, 1;
v0x88ec88640_0 .net/s "accum_in", 31 0, v0x88ec8ba20_1;  1 drivers
v0x88ec886e0_0 .net/s "accum_out", 31 0, L_0x88ec503c0;  alias, 1 drivers
v0x88ec8b480_1 .array/port v0x88ec8b480, 1;
v0x88ec88780_0 .net/s "b", 7 0, v0x88ec8b480_1;  1 drivers
L_0x88ec50280 .extend/s 32, v0x88ec8b2a0_0;
L_0x88ec50320 .extend/s 32, v0x88ec8b480_1;
L_0x1028b4020 .arith/mult 32, L_0x88ec50280, L_0x88ec50320;
L_0x88ec503c0 .arith/sum 32, v0x88ec8ba20_1, L_0x1028b4020;
S_0x88ec84c00 .scope generate, "MAC_ARRAY[2]" "MAC_ARRAY[2]" 4 122, 4 122 0, S_0x88ec84480;
 .timescale -9 -12;
P_0x88ec61700 .param/l "g" 1 4 122, +C4<010>;
S_0x88ec84d80 .scope module, "mac_inst" "mac" 4 123, 5 1 0, S_0x88ec84c00;
 .timescale -9 -12;
    .port_info 0 /INPUT 8 "a";
    .port_info 1 /INPUT 8 "b";
    .port_info 2 /INPUT 32 "accum_in";
    .port_info 3 /OUTPUT 32 "accum_out";
v0x88ec88820_0 .net/s *"_ivl_0", 31 0, L_0x88ec50460;  1 drivers
v0x88ec888c0_0 .net/s *"_ivl_2", 31 0, L_0x88ec50500;  1 drivers
v0x88ec88960_0 .net/s *"_ivl_5", 31 0, L_0x1028b40c0;  1 drivers
v0x88ec88a00_0 .net/s "a", 7 0, v0x88ec8b2a0_0;  alias, 1 drivers
v0x88ec8ba20_2 .array/port v0x88ec8ba20, 2;
v0x88ec88aa0_0 .net/s "accum_in", 31 0, v0x88ec8ba20_2;  1 drivers
v0x88ec88b40_0 .net/s "accum_out", 31 0, L_0x88ec505a0;  alias, 1 drivers
v0x88ec8b480_2 .array/port v0x88ec8b480, 2;
v0x88ec88be0_0 .net/s "b", 7 0, v0x88ec8b480_2;  1 drivers
L_0x88ec50460 .extend/s 32, v0x88ec8b2a0_0;
L_0x88ec50500 .extend/s 32, v0x88ec8b480_2;
L_0x1028b40c0 .arith/mult 32, L_0x88ec50460, L_0x88ec50500;
L_0x88ec505a0 .arith/sum 32, v0x88ec8ba20_2, L_0x1028b40c0;
S_0x88ec84f00 .scope generate, "MAC_ARRAY[3]" "MAC_ARRAY[3]" 4 122, 4 122 0, S_0x88ec84480;
 .timescale -9 -12;
P_0x88ec61780 .param/l "g" 1 4 122, +C4<011>;
S_0x88ec85080 .scope module, "mac_inst" "mac" 4 123, 5 1 0, S_0x88ec84f00;
 .timescale -9 -12;
    .port_info 0 /INPUT 8 "a";
    .port_info 1 /INPUT 8 "b";
    .port_info 2 /INPUT 32 "accum_in";
    .port_info 3 /OUTPUT 32 "accum_out";
v0x88ec88c80_0 .net/s *"_ivl_0", 31 0, L_0x88ec50640;  1 drivers
v0x88ec88d20_0 .net/s *"_ivl_2", 31 0, L_0x88ec506e0;  1 drivers
v0x88ec88dc0_0 .net/s *"_ivl_5", 31 0, L_0x1028b43a0;  1 drivers
v0x88ec88e60_0 .net/s "a", 7 0, v0x88ec8b2a0_0;  alias, 1 drivers
v0x88ec8ba20_3 .array/port v0x88ec8ba20, 3;
v0x88ec88f00_0 .net/s "accum_in", 31 0, v0x88ec8ba20_3;  1 drivers
v0x88ec88fa0_0 .net/s "accum_out", 31 0, L_0x88ec50780;  alias, 1 drivers
v0x88ec8b480_3 .array/port v0x88ec8b480, 3;
v0x88ec89040_0 .net/s "b", 7 0, v0x88ec8b480_3;  1 drivers
L_0x88ec50640 .extend/s 32, v0x88ec8b2a0_0;
L_0x88ec506e0 .extend/s 32, v0x88ec8b480_3;
L_0x1028b43a0 .arith/mult 32, L_0x88ec50640, L_0x88ec506e0;
L_0x88ec50780 .arith/sum 32, v0x88ec8ba20_3, L_0x1028b43a0;
S_0x88ec85200 .scope generate, "MAC_ARRAY[4]" "MAC_ARRAY[4]" 4 122, 4 122 0, S_0x88ec84480;
 .timescale -9 -12;
P_0x88ec61800 .param/l "g" 1 4 122, +C4<0100>;
S_0x88ec85380 .scope module, "mac_inst" "mac" 4 123, 5 1 0, S_0x88ec85200;
 .timescale -9 -12;
    .port_info 0 /INPUT 8 "a";
    .port_info 1 /INPUT 8 "b";
    .port_info 2 /INPUT 32 "accum_in";
    .port_info 3 /OUTPUT 32 "accum_out";
v0x88ec890e0_0 .net/s *"_ivl_0", 31 0, L_0x88ec50820;  1 drivers
v0x88ec89180_0 .net/s *"_ivl_2", 31 0, L_0x88ec508c0;  1 drivers
v0x88ec89220_0 .net/s *"_ivl_5", 31 0, L_0x1028b3c20;  1 drivers
v0x88ec892c0_0 .net/s "a", 7 0, v0x88ec8b2a0_0;  alias, 1 drivers
v0x88ec8ba20_4 .array/port v0x88ec8ba20, 4;
v0x88ec89360_0 .net/s "accum_in", 31 0, v0x88ec8ba20_4;  1 drivers
v0x88ec89400_0 .net/s "accum_out", 31 0, L_0x88ec50960;  alias, 1 drivers
v0x88ec8b480_4 .array/port v0x88ec8b480, 4;
v0x88ec894a0_0 .net/s "b", 7 0, v0x88ec8b480_4;  1 drivers
L_0x88ec50820 .extend/s 32, v0x88ec8b2a0_0;
L_0x88ec508c0 .extend/s 32, v0x88ec8b480_4;
L_0x1028b3c20 .arith/mult 32, L_0x88ec50820, L_0x88ec508c0;
L_0x88ec50960 .arith/sum 32, v0x88ec8ba20_4, L_0x1028b3c20;
S_0x88ec85500 .scope generate, "MAC_ARRAY[5]" "MAC_ARRAY[5]" 4 122, 4 122 0, S_0x88ec84480;
 .timescale -9 -12;
P_0x88ec61880 .param/l "g" 1 4 122, +C4<0101>;
S_0x88ec85680 .scope module, "mac_inst" "mac" 4 123, 5 1 0, S_0x88ec85500;
 .timescale -9 -12;
    .port_info 0 /INPUT 8 "a";
    .port_info 1 /INPUT 8 "b";
    .port_info 2 /INPUT 32 "accum_in";
    .port_info 3 /OUTPUT 32 "accum_out";
v0x88ec89540_0 .net/s *"_ivl_0", 31 0, L_0x88ec50a00;  1 drivers
v0x88ec895e0_0 .net/s *"_ivl_2", 31 0, L_0x88ec50aa0;  1 drivers
v0x88ec89680_0 .net/s *"_ivl_5", 31 0, L_0x1028b2d70;  1 drivers
v0x88ec89720_0 .net/s "a", 7 0, v0x88ec8b2a0_0;  alias, 1 drivers
v0x88ec8ba20_5 .array/port v0x88ec8ba20, 5;
v0x88ec897c0_0 .net/s "accum_in", 31 0, v0x88ec8ba20_5;  1 drivers
v0x88ec89860_0 .net/s "accum_out", 31 0, L_0x88ec50b40;  alias, 1 drivers
v0x88ec8b480_5 .array/port v0x88ec8b480, 5;
v0x88ec89900_0 .net/s "b", 7 0, v0x88ec8b480_5;  1 drivers
L_0x88ec50a00 .extend/s 32, v0x88ec8b2a0_0;
L_0x88ec50aa0 .extend/s 32, v0x88ec8b480_5;
L_0x1028b2d70 .arith/mult 32, L_0x88ec50a00, L_0x88ec50aa0;
L_0x88ec50b40 .arith/sum 32, v0x88ec8ba20_5, L_0x1028b2d70;
S_0x88ec85800 .scope generate, "MAC_ARRAY[6]" "MAC_ARRAY[6]" 4 122, 4 122 0, S_0x88ec84480;
 .timescale -9 -12;
P_0x88ec61900 .param/l "g" 1 4 122, +C4<0110>;
S_0x88ec85980 .scope module, "mac_inst" "mac" 4 123, 5 1 0, S_0x88ec85800;
 .timescale -9 -12;
    .port_info 0 /INPUT 8 "a";
    .port_info 1 /INPUT 8 "b";
    .port_info 2 /INPUT 32 "accum_in";
    .port_info 3 /OUTPUT 32 "accum_out";
v0x88ec899a0_0 .net/s *"_ivl_0", 31 0, L_0x88ec50be0;  1 drivers
v0x88ec89a40_0 .net/s *"_ivl_2", 31 0, L_0x88ec50c80;  1 drivers
v0x88ec89ae0_0 .net/s *"_ivl_5", 31 0, L_0x1028b2e10;  1 drivers
v0x88ec89b80_0 .net/s "a", 7 0, v0x88ec8b2a0_0;  alias, 1 drivers
v0x88ec8ba20_6 .array/port v0x88ec8ba20, 6;
v0x88ec89c20_0 .net/s "accum_in", 31 0, v0x88ec8ba20_6;  1 drivers
v0x88ec89cc0_0 .net/s "accum_out", 31 0, L_0x88ec50d20;  alias, 1 drivers
v0x88ec8b480_6 .array/port v0x88ec8b480, 6;
v0x88ec89d60_0 .net/s "b", 7 0, v0x88ec8b480_6;  1 drivers
L_0x88ec50be0 .extend/s 32, v0x88ec8b2a0_0;
L_0x88ec50c80 .extend/s 32, v0x88ec8b480_6;
L_0x1028b2e10 .arith/mult 32, L_0x88ec50be0, L_0x88ec50c80;
L_0x88ec50d20 .arith/sum 32, v0x88ec8ba20_6, L_0x1028b2e10;
S_0x88ec85b00 .scope generate, "MAC_ARRAY[7]" "MAC_ARRAY[7]" 4 122, 4 122 0, S_0x88ec84480;
 .timescale -9 -12;
P_0x88ec61980 .param/l "g" 1 4 122, +C4<0111>;
S_0x88ec85c80 .scope module, "mac_inst" "mac" 4 123, 5 1 0, S_0x88ec85b00;
 .timescale -9 -12;
    .port_info 0 /INPUT 8 "a";
    .port_info 1 /INPUT 8 "b";
    .port_info 2 /INPUT 32 "accum_in";
    .port_info 3 /OUTPUT 32 "accum_out";
v0x88ec89e00_0 .net/s *"_ivl_0", 31 0, L_0x88ec50dc0;  1 drivers
v0x88ec89ea0_0 .net/s *"_ivl_2", 31 0, L_0x88ec50e60;  1 drivers
v0x88ec89f40_0 .net/s *"_ivl_5", 31 0, L_0x1028b2eb0;  1 drivers
v0x88ec89fe0_0 .net/s "a", 7 0, v0x88ec8b2a0_0;  alias, 1 drivers
v0x88ec8ba20_7 .array/port v0x88ec8ba20, 7;
v0x88ec8a080_0 .net/s "accum_in", 31 0, v0x88ec8ba20_7;  1 drivers
v0x88ec8a120_0 .net/s "accum_out", 31 0, L_0x88ec50f00;  alias, 1 drivers
v0x88ec8b480_7 .array/port v0x88ec8b480, 7;
v0x88ec8a1c0_0 .net/s "b", 7 0, v0x88ec8b480_7;  1 drivers
L_0x88ec50dc0 .extend/s 32, v0x88ec8b2a0_0;
L_0x88ec50e60 .extend/s 32, v0x88ec8b480_7;
L_0x1028b2eb0 .arith/mult 32, L_0x88ec50dc0, L_0x88ec50e60;
L_0x88ec50f00 .arith/sum 32, v0x88ec8ba20_7, L_0x1028b2eb0;
S_0x88ec85e00 .scope module, "sram_A" "SRAM_A" 4 89, 6 1 0, S_0x88ec84480;
 .timescale -9 -12;
    .port_info 0 /INPUT 8 "dataIn";
    .port_info 1 /OUTPUT 8 "dataOut";
    .port_info 2 /INPUT 10 "Addr";
    .port_info 3 /INPUT 1 "CS";
    .port_info 4 /INPUT 1 "WE";
    .port_info 5 /INPUT 1 "RD";
    .port_info 6 /INPUT 1 "Clk";
P_0x1028b3250 .param/l "ADR" 0 6 4, +C4<00000000000000000000000000001010>;
P_0x1028b3290 .param/l "DAT" 0 6 6, +C4<00000000000000000000000000001000>;
P_0x1028b32d0 .param/l "DPTH" 0 6 8, +C4<00000000000000000000010000000000>;
v0x88ec8a260_0 .net "Addr", 9 0, v0x88ec8c960_0;  1 drivers
v0x88ec8a300_0 .net "CS", 0 0, v0x88ec8c780_0;  1 drivers
v0x88ec8a3a0_0 .net "Clk", 0 0, v0x88ec8de00_0;  alias, 1 drivers
v0x88ec8a440_0 .net "RD", 0 0, v0x88ec8c820_0;  1 drivers
v0x88ec8a4e0 .array "SRAMs", 1023 0, 7 0;
v0x88ec8a580_0 .net "WE", 0 0, v0x88ec8c8c0_0;  1 drivers
v0x88ec8a620_0 .net "dataIn", 7 0, v0x88ec8ca00_0;  1 drivers
v0x88ec8a6c0_0 .var "dataOut", 7 0;
E_0x88f0a4580 .event posedge, v0x88ec8a3a0_0;
S_0x88ec85f80 .scope module, "sram_B" "SRAM_B" 4 99, 7 1 0, S_0x88ec84480;
 .timescale -9 -12;
    .port_info 0 /INPUT 64 "dataIn";
    .port_info 1 /OUTPUT 64 "dataOut";
    .port_info 2 /INPUT 12 "Addr";
    .port_info 3 /INPUT 1 "CS";
    .port_info 4 /INPUT 1 "WE";
    .port_info 5 /INPUT 1 "RD";
    .port_info 6 /INPUT 1 "Clk";
P_0x1028b18d0 .param/l "ADR" 0 7 4, +C4<00000000000000000000000000001100>;
P_0x1028b1910 .param/l "DAT" 0 7 6, +C4<00000000000000000000000001000000>;
P_0x1028b1950 .param/l "DPTH" 0 7 8, +C4<00000000000000000001000000000000>;
v0x88ec8a760_0 .net "Addr", 11 0, v0x88ec8cd20_0;  1 drivers
v0x88ec8a800_0 .net "CS", 0 0, v0x88ec8cb40_0;  1 drivers
v0x88ec8a8a0_0 .net "Clk", 0 0, v0x88ec8de00_0;  alias, 1 drivers
v0x88ec8a940_0 .net "RD", 0 0, v0x88ec8cbe0_0;  1 drivers
v0x88ec8a9e0 .array "SRAMs", 4095 0, 63 0;
v0x88ec8aa80_0 .net "WE", 0 0, v0x88ec8cc80_0;  1 drivers
v0x88ec8ab20_0 .net "dataIn", 63 0, v0x88ec8cdc0_0;  1 drivers
v0x88ec8abc0_0 .var "dataOut", 63 0;
S_0x88ec86100 .scope module, "sram_C" "SRAM_C" 4 109, 8 1 0, S_0x88ec84480;
 .timescale -9 -12;
    .port_info 0 /INPUT 32 "dataIn";
    .port_info 1 /OUTPUT 32 "dataOut";
    .port_info 2 /INPUT 10 "Addr";
    .port_info 3 /INPUT 1 "CS";
    .port_info 4 /INPUT 1 "WE";
    .port_info 5 /INPUT 1 "RD";
    .port_info 6 /INPUT 1 "Clk";
P_0x1028b0030 .param/l "ADR" 0 8 4, +C4<00000000000000000000000000001010>;
P_0x1028b0070 .param/l "DAT" 0 8 6, +C4<00000000000000000000000000100000>;
P_0x1028b00b0 .param/l "DPTH" 0 8 8, +C4<00000000000000000000010000000000>;
v0x88ec8ac60_0 .net "Addr", 9 0, v0x88ec8d0e0_0;  1 drivers
v0x88ec8ad00_0 .net "CS", 0 0, v0x88ec8cf00_0;  1 drivers
v0x88ec8ada0_0 .net "Clk", 0 0, v0x88ec8de00_0;  alias, 1 drivers
v0x88ec8ae40_0 .net "RD", 0 0, v0x88ec8cfa0_0;  1 drivers
v0x88ec8aee0 .array/s "SRAMs", 0 1023, 31 0;
v0x88ec8af80_0 .net "WE", 0 0, v0x88ec8d040_0;  1 drivers
v0x88ec8b020_0 .net "dataIn", 31 0, v0x88ec8d180_0;  1 drivers
v0x88ec8b0c0_0 .var "dataOut", 31 0;
    .scope S_0x88ec85e00;
T_0 ;
    %wait E_0x88f0a4580;
    %load/vec4 v0x88ec8a300_0;
    %cmpi/e 1, 0, 1;
    %jmp/0xz  T_0.0, 4;
    %load/vec4 v0x88ec8a580_0;
    %cmpi/e 1, 0, 1;
    %flag_get/vec4 4;
    %jmp/0 T_0.4, 4;
    %load/vec4 v0x88ec8a440_0;
    %pushi/vec4 0, 0, 1;
    %cmp/e;
    %flag_get/vec4 4;
    %and;
T_0.4;
    %flag_set/vec4 8;
    %jmp/0xz  T_0.2, 8;
    %load/vec4 v0x88ec8a620_0;
    %load/vec4 v0x88ec8a260_0;
    %pad/u 12;
    %ix/vec4 4;
    %store/vec4a v0x88ec8a4e0, 4, 0;
    %jmp T_0.3;
T_0.2 ;
    %load/vec4 v0x88ec8a440_0;
    %cmpi/e 1, 0, 1;
    %flag_get/vec4 4;
    %jmp/0 T_0.7, 4;
    %load/vec4 v0x88ec8a580_0;
    %pushi/vec4 0, 0, 1;
    %cmp/e;
    %flag_get/vec4 4;
    %and;
T_0.7;
    %flag_set/vec4 8;
    %jmp/0xz  T_0.5, 8;
    %load/vec4 v0x88ec8a260_0;
    %pad/u 12;
    %ix/vec4 4;
    %load/vec4a v0x88ec8a4e0, 4;
    %store/vec4 v0x88ec8a6c0_0, 0, 8;
T_0.5 ;
T_0.3 ;
T_0.0 ;
    %jmp T_0;
    .thread T_0;
    .scope S_0x88ec85f80;
T_1 ;
    %wait E_0x88f0a4580;
    %load/vec4 v0x88ec8a800_0;
    %cmpi/e 1, 0, 1;
    %jmp/0xz  T_1.0, 4;
    %load/vec4 v0x88ec8aa80_0;
    %cmpi/e 1, 0, 1;
    %flag_get/vec4 4;
    %jmp/0 T_1.4, 4;
    %load/vec4 v0x88ec8a940_0;
    %pushi/vec4 0, 0, 1;
    %cmp/e;
    %flag_get/vec4 4;
    %and;
T_1.4;
    %flag_set/vec4 8;
    %jmp/0xz  T_1.2, 8;
    %load/vec4 v0x88ec8ab20_0;
    %load/vec4 v0x88ec8a760_0;
    %pad/u 14;
    %ix/vec4 4;
    %store/vec4a v0x88ec8a9e0, 4, 0;
    %jmp T_1.3;
T_1.2 ;
    %load/vec4 v0x88ec8a940_0;
    %cmpi/e 1, 0, 1;
    %flag_get/vec4 4;
    %jmp/0 T_1.7, 4;
    %load/vec4 v0x88ec8aa80_0;
    %pushi/vec4 0, 0, 1;
    %cmp/e;
    %flag_get/vec4 4;
    %and;
T_1.7;
    %flag_set/vec4 8;
    %jmp/0xz  T_1.5, 8;
    %load/vec4 v0x88ec8a760_0;
    %pad/u 14;
    %ix/vec4 4;
    %load/vec4a v0x88ec8a9e0, 4;
    %store/vec4 v0x88ec8abc0_0, 0, 64;
T_1.5 ;
T_1.3 ;
T_1.0 ;
    %jmp T_1;
    .thread T_1;
    .scope S_0x88ec86100;
T_2 ;
    %wait E_0x88f0a4580;
    %load/vec4 v0x88ec8ad00_0;
    %cmpi/e 1, 0, 1;
    %jmp/0xz  T_2.0, 4;
    %load/vec4 v0x88ec8af80_0;
    %cmpi/e 1, 0, 1;
    %flag_get/vec4 4;
    %jmp/0 T_2.4, 4;
    %load/vec4 v0x88ec8ae40_0;
    %pushi/vec4 0, 0, 1;
    %cmp/e;
    %flag_get/vec4 4;
    %and;
T_2.4;
    %flag_set/vec4 8;
    %jmp/0xz  T_2.2, 8;
    %load/vec4 v0x88ec8b020_0;
    %load/vec4 v0x88ec8ac60_0;
    %pad/u 12;
    %ix/vec4 4;
    %store/vec4a v0x88ec8aee0, 4, 0;
    %jmp T_2.3;
T_2.2 ;
    %load/vec4 v0x88ec8ae40_0;
    %cmpi/e 1, 0, 1;
    %flag_get/vec4 4;
    %jmp/0 T_2.7, 4;
    %load/vec4 v0x88ec8af80_0;
    %pushi/vec4 0, 0, 1;
    %cmp/e;
    %flag_get/vec4 4;
    %and;
T_2.7;
    %flag_set/vec4 8;
    %jmp/0xz  T_2.5, 8;
    %load/vec4 v0x88ec8ac60_0;
    %pad/u 12;
    %ix/vec4 4;
    %load/vec4a v0x88ec8aee0, 4;
    %store/vec4 v0x88ec8b0c0_0, 0, 32;
T_2.5 ;
T_2.3 ;
T_2.0 ;
    %jmp T_2;
    .thread T_2;
    .scope S_0x88ec84480;
T_3 ;
    %wait E_0x88f0a4540;
    %load/vec4 v0x88ec8c6e0_0;
    %nor/r;
    %flag_set/vec4 8;
    %jmp/0xz  T_3.0, 8;
    %pushi/vec4 0, 0, 3;
    %assign/vec4 v0x88ec8d360_0, 0;
    %jmp T_3.1;
T_3.0 ;
    %load/vec4 v0x88ec8c640_0;
    %assign/vec4 v0x88ec8d360_0, 0;
T_3.1 ;
    %jmp T_3;
    .thread T_3;
    .scope S_0x88ec84480;
T_4 ;
    %wait E_0x88f0a4540;
    %load/vec4 v0x88ec8c6e0_0;
    %nor/r;
    %flag_set/vec4 8;
    %jmp/0xz  T_4.0, 8;
    %pushi/vec4 0, 0, 1;
    %assign/vec4 v0x88ec8bca0_0, 0;
    %pushi/vec4 0, 0, 10;
    %assign/vec4 v0x88ec8b200_0, 0;
    %pushi/vec4 0, 0, 12;
    %assign/vec4 v0x88ec8b3e0_0, 0;
    %pushi/vec4 0, 0, 10;
    %assign/vec4 v0x88ec8b5c0_0, 0;
    %pushi/vec4 0, 0, 16;
    %assign/vec4 v0x88ec8b840_0, 0;
    %pushi/vec4 0, 0, 16;
    %assign/vec4 v0x88ec8b700_0, 0;
    %pushi/vec4 0, 0, 16;
    %assign/vec4 v0x88ec8b980_0, 0;
    %pushi/vec4 0, 0, 16;
    %assign/vec4 v0x88ec8bde0_0, 0;
    %pushi/vec4 0, 0, 16;
    %assign/vec4 v0x88ec8c0a0_0, 0;
    %pushi/vec4 0, 0, 16;
    %assign/vec4 v0x88ec8c1e0_0, 0;
    %pushi/vec4 0, 0, 16;
    %assign/vec4 v0x88ec8bd40_0, 0;
    %pushi/vec4 0, 0, 16;
    %assign/vec4 v0x88ec8c000_0, 0;
    %pushi/vec4 0, 0, 16;
    %assign/vec4 v0x88ec8c140_0, 0;
    %pushi/vec4 0, 0, 4;
    %assign/vec4 v0x88ec8c460_0, 0;
    %pushi/vec4 0, 0, 1;
    %assign/vec4 v0x88ec8bf20_0, 0;
    %pushi/vec4 0, 0, 1;
    %assign/vec4 v0x88ec8bc00_0, 0;
    %pushi/vec4 0, 0, 1;
    %assign/vec4 v0x88ec8c5a0_0, 0;
    %pushi/vec4 0, 0, 1;
    %assign/vec4 v0x88ec8c320_0, 0;
    %pushi/vec4 0, 0, 1;
    %assign/vec4 v0x88ec8c280_0, 0;
    %pushi/vec4 0, 0, 1;
    %assign/vec4 v0x88ec8c3c0_0, 0;
    %pushi/vec4 0, 0, 10;
    %assign/vec4 v0x88ec8c960_0, 0;
    %pushi/vec4 0, 0, 12;
    %assign/vec4 v0x88ec8cd20_0, 0;
    %pushi/vec4 0, 0, 10;
    %assign/vec4 v0x88ec8d0e0_0, 0;
    %pushi/vec4 0, 0, 32;
    %assign/vec4 v0x88ec8d180_0, 0;
    %pushi/vec4 0, 0, 1;
    %assign/vec4 v0x88ec8c780_0, 0;
    %pushi/vec4 0, 0, 1;
    %assign/vec4 v0x88ec8c8c0_0, 0;
    %pushi/vec4 0, 0, 1;
    %assign/vec4 v0x88ec8c820_0, 0;
    %pushi/vec4 0, 0, 1;
    %assign/vec4 v0x88ec8cb40_0, 0;
    %pushi/vec4 0, 0, 1;
    %assign/vec4 v0x88ec8cc80_0, 0;
    %pushi/vec4 0, 0, 1;
    %assign/vec4 v0x88ec8cbe0_0, 0;
    %pushi/vec4 0, 0, 1;
    %assign/vec4 v0x88ec8cf00_0, 0;
    %pushi/vec4 0, 0, 1;
    %assign/vec4 v0x88ec8d040_0, 0;
    %pushi/vec4 0, 0, 1;
    %assign/vec4 v0x88ec8cfa0_0, 0;
    %pushi/vec4 0, 0, 8;
    %assign/vec4 v0x88ec8b2a0_0, 0;
    %pushi/vec4 0, 0, 32;
    %store/vec4 v0x88ec8be80_0, 0, 32;
T_4.2 ; Top of for-loop
    %load/vec4 v0x88ec8be80_0;
    %cmpi/s 8, 0, 32;
	  %jmp/0xz T_4.3, 5;
    %pushi/vec4 0, 0, 8;
    %ix/getv/s 3, v0x88ec8be80_0;
    %ix/load 4, 0, 0; Constant delay
    %assign/vec4/a/d v0x88ec8b480, 0, 4;
    %pushi/vec4 0, 0, 32;
    %ix/getv/s 3, v0x88ec8be80_0;
    %ix/load 4, 0, 0; Constant delay
    %assign/vec4/a/d v0x88ec8bac0, 0, 4;
T_4.4 ; for-loop step statement
    %load/vec4 v0x88ec8be80_0;
    %addi 1, 0, 32;
    %store/vec4 v0x88ec8be80_0, 0, 32;
    %jmp T_4.2;
T_4.3 ; for-loop exit label
    %jmp T_4.1;
T_4.0 ;
    %load/vec4 v0x88ec8d360_0;
    %dup/vec4;
    %pushi/vec4 0, 0, 3;
    %cmp/u;
    %jmp/1 T_4.5, 6;
    %dup/vec4;
    %pushi/vec4 1, 0, 3;
    %cmp/u;
    %jmp/1 T_4.6, 6;
    %dup/vec4;
    %pushi/vec4 2, 0, 3;
    %cmp/u;
    %jmp/1 T_4.7, 6;
    %dup/vec4;
    %pushi/vec4 3, 0, 3;
    %cmp/u;
    %jmp/1 T_4.8, 6;
    %dup/vec4;
    %pushi/vec4 4, 0, 3;
    %cmp/u;
    %jmp/1 T_4.9, 6;
    %jmp T_4.10;
T_4.5 ;
    %load/vec4 v0x88ec8d2c0_0;
    %flag_set/vec4 8;
    %jmp/0xz  T_4.11, 8;
    %pushi/vec4 0, 0, 1;
    %assign/vec4 v0x88ec8bca0_0, 0;
    %load/vec4 v0x88ec8b160_0;
    %assign/vec4 v0x88ec8b200_0, 0;
    %load/vec4 v0x88ec8b340_0;
    %assign/vec4 v0x88ec8b3e0_0, 0;
    %load/vec4 v0x88ec8b520_0;
    %assign/vec4 v0x88ec8b5c0_0, 0;
    %load/vec4 v0x88ec8b7a0_0;
    %assign/vec4 v0x88ec8b840_0, 0;
    %load/vec4 v0x88ec8b660_0;
    %assign/vec4 v0x88ec8b700_0, 0;
    %load/vec4 v0x88ec8b8e0_0;
    %assign/vec4 v0x88ec8b980_0, 0;
T_4.11 ;
    %jmp T_4.10;
T_4.6 ;
    %load/vec4 v0x88ec8b840_0;
    %subi 1, 0, 16;
    %assign/vec4 v0x88ec8bde0_0, 0;
    %load/vec4 v0x88ec8b980_0;
    %pad/u 32;
    %subi 4294967289, 0, 32;
    %pushi/vec4 8, 0, 32;
    %div;
    %subi 1, 0, 32;
    %pad/u 16;
    %assign/vec4 v0x88ec8c0a0_0, 0;
    %load/vec4 v0x88ec8b700_0;
    %subi 1, 0, 16;
    %assign/vec4 v0x88ec8c1e0_0, 0;
    %pushi/vec4 0, 0, 16;
    %assign/vec4 v0x88ec8bd40_0, 0;
    %pushi/vec4 0, 0, 16;
    %assign/vec4 v0x88ec8c000_0, 0;
    %pushi/vec4 0, 0, 16;
    %assign/vec4 v0x88ec8c140_0, 0;
    %pushi/vec4 1, 0, 1;
    %assign/vec4 v0x88ec8bf20_0, 0;
    %pushi/vec4 0, 0, 1;
    %assign/vec4 v0x88ec8bc00_0, 0;
    %pushi/vec4 0, 0, 1;
    %assign/vec4 v0x88ec8c5a0_0, 0;
    %load/vec4 v0x88ec8b700_0;
    %pad/u 32;
    %cmpi/e 1, 0, 32;
    %jmp/0xz  T_4.13, 4;
    %pushi/vec4 1, 0, 1;
    %assign/vec4 v0x88ec8c320_0, 0;
    %jmp T_4.14;
T_4.13 ;
    %pushi/vec4 0, 0, 1;
    %assign/vec4 v0x88ec8c320_0, 0;
T_4.14 ;
    %pushi/vec4 0, 0, 1;
    %assign/vec4 v0x88ec8c280_0, 0;
    %pushi/vec4 0, 0, 1;
    %assign/vec4 v0x88ec8c3c0_0, 0;
    %pushi/vec4 0, 0, 10;
    %assign/vec4 v0x88ec8d0e0_0, 0;
    %pushi/vec4 0, 0, 32;
    %assign/vec4 v0x88ec8d180_0, 0;
    %pushi/vec4 0, 0, 4;
    %assign/vec4 v0x88ec8c460_0, 0;
    %pushi/vec4 0, 0, 1;
    %assign/vec4 v0x88ec8cf00_0, 0;
    %pushi/vec4 0, 0, 1;
    %assign/vec4 v0x88ec8d040_0, 0;
    %pushi/vec4 0, 0, 1;
    %assign/vec4 v0x88ec8cfa0_0, 0;
    %pushi/vec4 0, 0, 8;
    %assign/vec4 v0x88ec8b2a0_0, 0;
    %pushi/vec4 0, 0, 32;
    %store/vec4 v0x88ec8be80_0, 0, 32;
T_4.15 ; Top of for-loop
    %load/vec4 v0x88ec8be80_0;
    %cmpi/s 8, 0, 32;
	  %jmp/0xz T_4.16, 5;
    %pushi/vec4 0, 0, 8;
    %ix/getv/s 3, v0x88ec8be80_0;
    %ix/load 4, 0, 0; Constant delay
    %assign/vec4/a/d v0x88ec8b480, 0, 4;
    %pushi/vec4 0, 0, 32;
    %ix/getv/s 3, v0x88ec8be80_0;
    %ix/load 4, 0, 0; Constant delay
    %assign/vec4/a/d v0x88ec8bac0, 0, 4;
T_4.17 ; for-loop step statement
    %load/vec4 v0x88ec8be80_0;
    %addi 1, 0, 32;
    %store/vec4 v0x88ec8be80_0, 0, 32;
    %jmp T_4.15;
T_4.16 ; for-loop exit label
    %jmp T_4.10;
T_4.7 ;
    %pushi/vec4 0, 0, 1;
    %assign/vec4 v0x88ec8cf00_0, 0;
    %pushi/vec4 0, 0, 1;
    %assign/vec4 v0x88ec8cfa0_0, 0;
    %pushi/vec4 0, 0, 1;
    %assign/vec4 v0x88ec8d040_0, 0;
    %load/vec4 v0x88ec8c320_0;
    %flag_set/vec4 8;
    %jmp/0 T_4.18, 8;
    %pushi/vec4 0, 0, 2;
    %jmp/1 T_4.19, 8;
T_4.18 ; End of true expr.
    %pushi/vec4 1, 0, 2;
    %jmp/0 T_4.19, 8;
 ; End of false expr.
    %blend;
T_4.19;
    %pad/s 1;
    %assign/vec4 v0x88ec8bf20_0, 0;
    %load/vec4 v0x88ec8bf20_0;
    %assign/vec4 v0x88ec8bc00_0, 0;
    %load/vec4 v0x88ec8bc00_0;
    %assign/vec4 v0x88ec8c5a0_0, 0;
    %load/vec4 v0x88ec8c1e0_0;
    %pad/u 32;
    %cmpi/e 0, 0, 32;
    %jmp/0xz  T_4.20, 4;
    %pushi/vec4 1, 0, 1;
    %assign/vec4 v0x88ec8c320_0, 0;
    %jmp T_4.21;
T_4.20 ;
    %load/vec4 v0x88ec8c140_0;
    %pad/u 32;
    %load/vec4 v0x88ec8c1e0_0;
    %pad/u 32;
    %subi 1, 0, 32;
    %cmp/e;
    %jmp/0xz  T_4.22, 4;
    %pushi/vec4 1, 0, 1;
    %assign/vec4 v0x88ec8c320_0, 0;
T_4.22 ;
T_4.21 ;
    %load/vec4 v0x88ec8c320_0;
    %assign/vec4 v0x88ec8c280_0, 0;
    %load/vec4 v0x88ec8c280_0;
    %assign/vec4 v0x88ec8c3c0_0, 0;
    %load/vec4 v0x88ec8c140_0;
    %load/vec4 v0x88ec8c1e0_0;
    %cmp/u;
    %jmp/0xz  T_4.24, 5;
    %load/vec4 v0x88ec8c140_0;
    %addi 1, 0, 16;
    %assign/vec4 v0x88ec8c140_0, 0;
T_4.24 ;
    %load/vec4 v0x88ec8c5a0_0;
    %flag_set/vec4 8;
    %jmp/0xz  T_4.26, 8;
    %pushi/vec4 0, 0, 32;
    %store/vec4 v0x88ec8be80_0, 0, 32;
T_4.28 ; Top of for-loop
    %load/vec4 v0x88ec8be80_0;
    %cmpi/s 8, 0, 32;
	  %jmp/0xz T_4.29, 5;
    %ix/getv/s 4, v0x88ec8be80_0;
    %load/vec4a v0x88ec8c500, 4;
    %ix/getv/s 3, v0x88ec8be80_0;
    %ix/load 4, 0, 0; Constant delay
    %assign/vec4/a/d v0x88ec8bac0, 0, 4;
T_4.30 ; for-loop step statement
    %load/vec4 v0x88ec8be80_0;
    %addi 1, 0, 32;
    %store/vec4 v0x88ec8be80_0, 0, 32;
    %jmp T_4.28;
T_4.29 ; for-loop exit label
T_4.26 ;
    %load/vec4 v0x88ec8bc00_0;
    %flag_set/vec4 8;
    %jmp/0xz  T_4.31, 8;
    %load/vec4 v0x88ec8caa0_0;
    %assign/vec4 v0x88ec8b2a0_0, 0;
    %pushi/vec4 0, 0, 32;
    %store/vec4 v0x88ec8be80_0, 0, 32;
T_4.33 ; Top of for-loop
    %load/vec4 v0x88ec8be80_0;
    %cmpi/s 8, 0, 32;
	  %jmp/0xz T_4.34, 5;
    %load/vec4 v0x88ec8ce60_0;
    %load/vec4 v0x88ec8be80_0;
    %muli 8, 0, 32;
    %part/s 8;
    %ix/getv/s 3, v0x88ec8be80_0;
    %ix/load 4, 0, 0; Constant delay
    %assign/vec4/a/d v0x88ec8b480, 0, 4;
T_4.35 ; for-loop step statement
    %load/vec4 v0x88ec8be80_0;
    %addi 1, 0, 32;
    %store/vec4 v0x88ec8be80_0, 0, 32;
    %jmp T_4.33;
T_4.34 ; for-loop exit label
T_4.31 ;
    %jmp T_4.10;
T_4.8 ;
    %load/vec4 v0x88ec8c460_0;
    %pad/u 32;
    %cmpi/u 7, 0, 32;
    %jmp/0xz  T_4.36, 5;
    %load/vec4 v0x88ec8c460_0;
    %addi 1, 0, 4;
    %assign/vec4 v0x88ec8c460_0, 0;
T_4.36 ;
    %load/vec4 v0x88ec8c000_0;
    %pad/u 32;
    %muli 8, 0, 32;
    %load/vec4 v0x88ec8c460_0;
    %pad/u 32;
    %add;
    %load/vec4 v0x88ec8b980_0;
    %pad/u 32;
    %cmp/u;
    %jmp/0xz  T_4.38, 5;
    %pushi/vec4 1, 0, 1;
    %assign/vec4 v0x88ec8cf00_0, 0;
    %pushi/vec4 0, 0, 1;
    %assign/vec4 v0x88ec8cfa0_0, 0;
    %pushi/vec4 1, 0, 1;
    %assign/vec4 v0x88ec8d040_0, 0;
    %load/vec4 v0x88ec8b5c0_0;
    %pad/u 32;
    %load/vec4 v0x88ec8bd40_0;
    %pad/u 32;
    %load/vec4 v0x88ec8b980_0;
    %pad/u 32;
    %mul;
    %add;
    %load/vec4 v0x88ec8c000_0;
    %pad/u 32;
    %muli 8, 0, 32;
    %add;
    %load/vec4 v0x88ec8c460_0;
    %pad/u 32;
    %add;
    %pad/u 10;
    %assign/vec4 v0x88ec8d0e0_0, 0;
    %load/vec4 v0x88ec8c460_0;
    %pad/u 5;
    %ix/vec4 4;
    %load/vec4a v0x88ec8bac0, 4;
    %assign/vec4 v0x88ec8d180_0, 0;
    %jmp T_4.39;
T_4.38 ;
    %pushi/vec4 0, 0, 1;
    %assign/vec4 v0x88ec8cf00_0, 0;
    %pushi/vec4 0, 0, 1;
    %assign/vec4 v0x88ec8cfa0_0, 0;
    %pushi/vec4 0, 0, 1;
    %assign/vec4 v0x88ec8d040_0, 0;
T_4.39 ;
    %load/vec4 v0x88ec8c460_0;
    %pad/u 32;
    %cmpi/e 7, 0, 32;
    %jmp/0xz  T_4.40, 4;
    %pushi/vec4 0, 0, 4;
    %assign/vec4 v0x88ec8c460_0, 0;
    %pushi/vec4 0, 0, 8;
    %assign/vec4 v0x88ec8b2a0_0, 0;
    %pushi/vec4 0, 0, 32;
    %store/vec4 v0x88ec8be80_0, 0, 32;
T_4.42 ; Top of for-loop
    %load/vec4 v0x88ec8be80_0;
    %cmpi/s 8, 0, 32;
	  %jmp/0xz T_4.43, 5;
    %pushi/vec4 0, 0, 32;
    %ix/getv/s 3, v0x88ec8be80_0;
    %ix/load 4, 0, 0; Constant delay
    %assign/vec4/a/d v0x88ec8bac0, 0, 4;
    %pushi/vec4 0, 0, 8;
    %ix/getv/s 3, v0x88ec8be80_0;
    %ix/load 4, 0, 0; Constant delay
    %assign/vec4/a/d v0x88ec8b480, 0, 4;
T_4.44 ; for-loop step statement
    %load/vec4 v0x88ec8be80_0;
    %addi 1, 0, 32;
    %store/vec4 v0x88ec8be80_0, 0, 32;
    %jmp T_4.42;
T_4.43 ; for-loop exit label
    %pushi/vec4 0, 0, 1;
    %assign/vec4 v0x88ec8bc00_0, 0;
    %pushi/vec4 0, 0, 1;
    %assign/vec4 v0x88ec8c5a0_0, 0;
    %load/vec4 v0x88ec8c1e0_0;
    %pad/u 32;
    %cmpi/e 0, 0, 32;
    %jmp/0xz  T_4.45, 4;
    %pushi/vec4 1, 0, 1;
    %assign/vec4 v0x88ec8c320_0, 0;
    %jmp T_4.46;
T_4.45 ;
    %pushi/vec4 0, 0, 1;
    %assign/vec4 v0x88ec8c320_0, 0;
T_4.46 ;
    %pushi/vec4 0, 0, 1;
    %assign/vec4 v0x88ec8c280_0, 0;
    %pushi/vec4 0, 0, 1;
    %assign/vec4 v0x88ec8c3c0_0, 0;
    %load/vec4 v0x88ec8c000_0;
    %load/vec4 v0x88ec8c0a0_0;
    %cmp/u;
    %jmp/0xz  T_4.47, 5;
    %load/vec4 v0x88ec8c000_0;
    %addi 1, 0, 16;
    %assign/vec4 v0x88ec8c000_0, 0;
    %pushi/vec4 0, 0, 16;
    %assign/vec4 v0x88ec8c140_0, 0;
    %pushi/vec4 1, 0, 1;
    %assign/vec4 v0x88ec8bf20_0, 0;
    %jmp T_4.48;
T_4.47 ;
    %load/vec4 v0x88ec8c000_0;
    %load/vec4 v0x88ec8c0a0_0;
    %cmp/e;
    %flag_get/vec4 4;
    %jmp/0 T_4.51, 4;
    %load/vec4 v0x88ec8bd40_0;
    %load/vec4 v0x88ec8bde0_0;
    %cmp/u;
    %flag_get/vec4 5;
    %and;
T_4.51;
    %flag_set/vec4 8;
    %jmp/0xz  T_4.49, 8;
    %pushi/vec4 0, 0, 16;
    %assign/vec4 v0x88ec8c000_0, 0;
    %load/vec4 v0x88ec8bd40_0;
    %addi 1, 0, 16;
    %assign/vec4 v0x88ec8bd40_0, 0;
    %pushi/vec4 0, 0, 16;
    %assign/vec4 v0x88ec8c140_0, 0;
    %pushi/vec4 1, 0, 1;
    %assign/vec4 v0x88ec8bf20_0, 0;
    %jmp T_4.50;
T_4.49 ;
    %pushi/vec4 0, 0, 16;
    %assign/vec4 v0x88ec8c000_0, 0;
    %pushi/vec4 0, 0, 16;
    %assign/vec4 v0x88ec8bd40_0, 0;
    %pushi/vec4 0, 0, 16;
    %assign/vec4 v0x88ec8c140_0, 0;
    %pushi/vec4 0, 0, 1;
    %assign/vec4 v0x88ec8bf20_0, 0;
T_4.50 ;
T_4.48 ;
T_4.40 ;
    %jmp T_4.10;
T_4.9 ;
    %pushi/vec4 0, 0, 1;
    %assign/vec4 v0x88ec8cf00_0, 0;
    %pushi/vec4 0, 0, 1;
    %assign/vec4 v0x88ec8cfa0_0, 0;
    %pushi/vec4 0, 0, 1;
    %assign/vec4 v0x88ec8d040_0, 0;
    %pushi/vec4 1, 0, 1;
    %assign/vec4 v0x88ec8bca0_0, 0;
    %jmp T_4.10;
T_4.10 ;
    %pop/vec4 1;
T_4.1 ;
    %jmp T_4;
    .thread T_4;
    .scope S_0x88ec84480;
T_5 ;
    %wait E_0x88f0a4500;
    %load/vec4 v0x88ec8d360_0;
    %pushi/vec4 2, 0, 3;
    %cmp/e;
    %flag_get/vec4 4;
    %store/vec4 v0x88ec8c780_0, 0, 1;
    %load/vec4 v0x88ec8d360_0;
    %pushi/vec4 2, 0, 3;
    %cmp/e;
    %flag_get/vec4 4;
    %store/vec4 v0x88ec8c820_0, 0, 1;
    %pushi/vec4 0, 0, 1;
    %store/vec4 v0x88ec8c8c0_0, 0, 1;
    %load/vec4 v0x88ec8d360_0;
    %pushi/vec4 2, 0, 3;
    %cmp/e;
    %flag_get/vec4 4;
    %store/vec4 v0x88ec8cb40_0, 0, 1;
    %load/vec4 v0x88ec8d360_0;
    %pushi/vec4 2, 0, 3;
    %cmp/e;
    %flag_get/vec4 4;
    %store/vec4 v0x88ec8cbe0_0, 0, 1;
    %pushi/vec4 0, 0, 1;
    %store/vec4 v0x88ec8cc80_0, 0, 1;
    %load/vec4 v0x88ec8b200_0;
    %pad/u 16;
    %load/vec4 v0x88ec8bd40_0;
    %load/vec4 v0x88ec8b700_0;
    %mul;
    %add;
    %load/vec4 v0x88ec8c140_0;
    %add;
    %pad/u 10;
    %store/vec4 v0x88ec8c960_0, 0, 10;
    %load/vec4 v0x88ec8b3e0_0;
    %pad/u 16;
    %load/vec4 v0x88ec8c000_0;
    %load/vec4 v0x88ec8b700_0;
    %mul;
    %add;
    %load/vec4 v0x88ec8c140_0;
    %add;
    %pad/u 12;
    %store/vec4 v0x88ec8cd20_0, 0, 12;
    %pushi/vec4 0, 0, 32;
    %store/vec4 v0x88ec8be80_0, 0, 32;
T_5.0 ; Top of for-loop
    %load/vec4 v0x88ec8be80_0;
    %cmpi/s 8, 0, 32;
	  %jmp/0xz T_5.1, 5;
    %ix/getv/s 4, v0x88ec8be80_0;
    %load/vec4a v0x88ec8bac0, 4;
    %ix/getv/s 4, v0x88ec8be80_0;
    %store/vec4a v0x88ec8ba20, 4, 0;
T_5.2 ; for-loop step statement
    %load/vec4 v0x88ec8be80_0;
    %addi 1, 0, 32;
    %store/vec4 v0x88ec8be80_0, 0, 32;
    %jmp T_5.0;
T_5.1 ; for-loop exit label
    %load/vec4 v0x88ec8c460_0;
    %pad/u 32;
    %pushi/vec4 7, 0, 32;
    %cmp/e;
    %flag_get/vec4 4;
    %store/vec4 v0x88ec8d400_0, 0, 1;
    %load/vec4 v0x88ec8d360_0;
    %store/vec4 v0x88ec8c640_0, 0, 3;
    %load/vec4 v0x88ec8d360_0;
    %dup/vec4;
    %pushi/vec4 0, 0, 3;
    %cmp/u;
    %jmp/1 T_5.3, 6;
    %dup/vec4;
    %pushi/vec4 1, 0, 3;
    %cmp/u;
    %jmp/1 T_5.4, 6;
    %dup/vec4;
    %pushi/vec4 2, 0, 3;
    %cmp/u;
    %jmp/1 T_5.5, 6;
    %dup/vec4;
    %pushi/vec4 3, 0, 3;
    %cmp/u;
    %jmp/1 T_5.6, 6;
    %dup/vec4;
    %pushi/vec4 4, 0, 3;
    %cmp/u;
    %jmp/1 T_5.7, 6;
    %jmp T_5.8;
T_5.3 ;
    %load/vec4 v0x88ec8d2c0_0;
    %flag_set/vec4 8;
    %jmp/0xz  T_5.9, 8;
    %pushi/vec4 1, 0, 3;
    %store/vec4 v0x88ec8c640_0, 0, 3;
T_5.9 ;
    %jmp T_5.8;
T_5.4 ;
    %pushi/vec4 2, 0, 3;
    %store/vec4 v0x88ec8c640_0, 0, 3;
    %jmp T_5.8;
T_5.5 ;
    %load/vec4 v0x88ec8c5a0_0;
    %flag_set/vec4 9;
    %flag_get/vec4 9;
    %jmp/0 T_5.13, 9;
    %load/vec4 v0x88ec8c3c0_0;
    %and;
T_5.13;
    %flag_set/vec4 8;
    %jmp/0xz  T_5.11, 8;
    %pushi/vec4 3, 0, 3;
    %store/vec4 v0x88ec8c640_0, 0, 3;
T_5.11 ;
    %jmp T_5.8;
T_5.6 ;
    %load/vec4 v0x88ec8d400_0;
    %nor/r;
    %flag_set/vec4 8;
    %jmp/0xz  T_5.14, 8;
    %pushi/vec4 3, 0, 3;
    %store/vec4 v0x88ec8c640_0, 0, 3;
    %jmp T_5.15;
T_5.14 ;
    %load/vec4 v0x88ec8c000_0;
    %load/vec4 v0x88ec8c0a0_0;
    %cmp/e;
    %flag_get/vec4 4;
    %jmp/0 T_5.18, 4;
    %load/vec4 v0x88ec8bd40_0;
    %load/vec4 v0x88ec8bde0_0;
    %cmp/e;
    %flag_get/vec4 4;
    %and;
T_5.18;
    %flag_set/vec4 8;
    %jmp/0xz  T_5.16, 8;
    %pushi/vec4 4, 0, 3;
    %store/vec4 v0x88ec8c640_0, 0, 3;
    %jmp T_5.17;
T_5.16 ;
    %pushi/vec4 2, 0, 3;
    %store/vec4 v0x88ec8c640_0, 0, 3;
T_5.17 ;
T_5.15 ;
    %jmp T_5.8;
T_5.7 ;
    %pushi/vec4 0, 0, 3;
    %store/vec4 v0x88ec8c640_0, 0, 3;
    %jmp T_5.8;
T_5.8 ;
    %pop/vec4 1;
    %jmp T_5;
    .thread T_5, $push;
    .scope S_0x88ec84300;
T_6 ;
    %pushi/vec4 0, 0, 1;
    %store/vec4 v0x88ec8de00_0, 0, 1;
T_6.0 ;
    %delay 5000, 0;
    %load/vec4 v0x88ec8de00_0;
    %inv;
    %store/vec4 v0x88ec8de00_0, 0, 1;
    %jmp T_6.0;
T_6.1 ;
    %end;
    .thread T_6;
    .scope S_0x88ec84300;
T_7 ;
    %wait E_0x88f0a4580;
    %load/vec4 v0x88ec8dea0_0;
    %addi 1, 0, 32;
    %store/vec4 v0x88ec8dea0_0, 0, 32;
    %jmp T_7;
    .thread T_7;
    .scope S_0x88ec84300;
T_8 ;
    %pushi/vec4 0, 0, 32;
    %store/vec4 v0x88ec8dea0_0, 0, 32;
    %vpi_func 3 89 "$fopen" 32, "performance_results/rtl_performance.csv", "a" {0 0 0};
    %store/vec4 v0x88ec8eb20_0, 0, 32;
    %end;
    .thread T_8;
    .scope S_0x88ec84300;
T_9 ;
    %vpi_call/w 3 96 "$display", "Importing scaling factors..." {0 0 0};
    %vpi_call/w 3 98 "$readmemh", "exports/scales.txt", v0x88ec8e9e0 {0 0 0};
    %ix/load 4, 0, 0;
    %flag_set/imm 4, 0;
    %load/vec4a v0x88ec8e9e0, 4;
    %store/vec4 v0x88ec8d4a0_0, 0, 32;
    %ix/load 4, 1, 0;
    %flag_set/imm 4, 0;
    %load/vec4a v0x88ec8e9e0, 4;
    %store/vec4 v0x88ec8d540_0, 0, 32;
    %ix/load 4, 2, 0;
    %flag_set/imm 4, 0;
    %load/vec4a v0x88ec8e9e0, 4;
    %store/vec4 v0x88ec8d5e0_0, 0, 32;
    %ix/load 4, 3, 0;
    %flag_set/imm 4, 0;
    %load/vec4a v0x88ec8e9e0, 4;
    %store/vec4 v0x88ec8db80_0, 0, 32;
    %ix/load 4, 4, 0;
    %flag_set/imm 4, 0;
    %load/vec4a v0x88ec8e9e0, 4;
    %store/vec4 v0x88ec8dc20_0, 0, 32;
    %ix/load 4, 5, 0;
    %flag_set/imm 4, 0;
    %load/vec4a v0x88ec8e9e0, 4;
    %store/vec4 v0x88ec8d720_0, 0, 32;
    %ix/load 4, 6, 0;
    %flag_set/imm 4, 0;
    %load/vec4a v0x88ec8e9e0, 4;
    %store/vec4 v0x88ec8d7c0_0, 0, 32;
    %load/vec4 v0x88ec8d4a0_0;
    %pad/s 64;
    %load/vec4 v0x88ec8db80_0;
    %pad/s 64;
    %mul;
    %load/vec4 v0x88ec8d540_0;
    %pad/s 64;
    %div/s;
    %store/vec4 v0x88ec8e760_0, 0, 64;
    %load/vec4 v0x88ec8d540_0;
    %pad/s 64;
    %load/vec4 v0x88ec8dc20_0;
    %pad/s 64;
    %mul;
    %load/vec4 v0x88ec8d5e0_0;
    %pad/s 64;
    %div/s;
    %store/vec4 v0x88ec8e800_0, 0, 64;
    %vpi_call/w 3 120 "$display", "A0_scale = %0d", v0x88ec8d4a0_0 {0 0 0};
    %vpi_call/w 3 121 "$display", "A1_scale = %0d", v0x88ec8d540_0 {0 0 0};
    %vpi_call/w 3 122 "$display", "A2_scale = %0d", v0x88ec8d5e0_0 {0 0 0};
    %vpi_call/w 3 124 "$display", "W1_scale = %0d", v0x88ec8db80_0 {0 0 0};
    %vpi_call/w 3 125 "$display", "W2_scale = %0d", v0x88ec8dc20_0 {0 0 0};
    %vpi_call/w 3 127 "$display", "B1_scale = %0d", v0x88ec8d720_0 {0 0 0};
    %vpi_call/w 3 128 "$display", "B2_scale = %0d", v0x88ec8d7c0_0 {0 0 0};
    %vpi_call/w 3 130 "$display", "requant_l1 = %0d", v0x88ec8e760_0 {0 0 0};
    %vpi_call/w 3 131 "$display", "requant_l2 = %0d", v0x88ec8e800_0 {0 0 0};
    %end;
    .thread T_9;
    .scope S_0x88ec84300;
T_10 ;
    %vpi_func 3 155 "$value$plusargs" 32, "IMAGE_IDX=%d", v0x88ec8e080_0 {0 0 0};
    %nor/r;
    %flag_set/vec4 8;
    %jmp/0xz  T_10.0, 8;
    %pushi/vec4 0, 0, 32;
    %store/vec4 v0x88ec8e080_0, 0, 32;
T_10.0 ;
    %vpi_call/w 3 158 "$display", "image_idx = %0d", v0x88ec8e080_0 {0 0 0};
    %vpi_func 3 160 "$value$plusargs" 32, "LABEL=%d", v0x88ec8e580_0 {0 0 0};
    %nor/r;
    %flag_set/vec4 8;
    %jmp/0xz  T_10.2, 8;
    %pushi/vec4 0, 0, 32;
    %store/vec4 v0x88ec8e580_0, 0, 32;
T_10.2 ;
    %vpi_call/w 3 163 "$display", "label =  %0d", v0x88ec8e580_0 {0 0 0};
    %end;
    .thread T_10;
    .scope S_0x88ec84300;
T_11 ;
    %pushi/vec4 0, 0, 1;
    %store/vec4 v0x88ec8e940_0, 0, 1;
    %pushi/vec4 0, 0, 1;
    %store/vec4 v0x88ec8ea80_0, 0, 1;
    %pushi/vec4 0, 0, 10;
    %store/vec4 v0x88ec8d680_0, 0, 10;
    %pushi/vec4 0, 0, 12;
    %store/vec4 v0x88ec8d860_0, 0, 12;
    %pushi/vec4 0, 0, 10;
    %store/vec4 v0x88ec8d900_0, 0, 10;
    %delay 20000, 0;
    %pushi/vec4 1, 0, 1;
    %store/vec4 v0x88ec8e940_0, 0, 1;
    %pushi/vec4 1, 0, 16;
    %store/vec4 v0x88ec8da40_0, 0, 16;
    %pushi/vec4 784, 0, 16;
    %store/vec4 v0x88ec8d9a0_0, 0, 16;
    %pushi/vec4 32, 0, 16;
    %store/vec4 v0x88ec8dae0_0, 0, 16;
    %vpi_call/w 3 193 "$display", "Loading Layer 1..." {0 0 0};
    %vpi_call/w 3 195 "$readmemh", "exports/selected_image.txt", v0x88ec8a4e0, 32'sb00000000000000000000000000000000, 32'sb00000000000000000000001100001111 {0 0 0};
    %vpi_call/w 3 198 "$readmemh", "exports/layer1_w_int8.txt", v0x88ec8a9e0, 32'sb00000000000000000000000000000000, 32'sb00000000000000000000110000111111 {0 0 0};
    %vpi_call/w 3 201 "$readmemh", "exports/layer1_b_int32.txt", v0x88ec8dcc0, 32'sb00000000000000000000000000000000, 32'sb00000000000000000000000000011111 {0 0 0};
    %wait E_0x88f0a4580;
    %pushi/vec4 1, 0, 1;
    %assign/vec4 v0x88ec8ea80_0, 0;
    %wait E_0x88f0a4580;
    %pushi/vec4 0, 0, 1;
    %assign/vec4 v0x88ec8ea80_0, 0;
    %load/vec4 v0x88ec8dea0_0;
    %store/vec4 v0x88ec8e300_0, 0, 32;
T_11.0 ;
    %load/vec4 v0x88ec8df40_0;
    %pad/u 32;
    %pushi/vec4 0, 0, 32;
    %cmp/e;
    %flag_get/vec4 4;
    %cmpi/ne 1, 0, 1;
    %jmp/0xz T_11.1, 6;
    %wait E_0x88f0a44c0;
    %jmp T_11.0;
T_11.1 ;
    %vpi_call/w 3 217 "$display", "Accelerator started" {0 0 0};
T_11.2 ;
    %load/vec4 v0x88ec8df40_0;
    %pad/u 32;
    %pushi/vec4 1, 0, 32;
    %cmp/e;
    %flag_get/vec4 4;
    %cmpi/ne 1, 0, 1;
    %jmp/0xz T_11.3, 6;
    %wait E_0x88f0a44c0;
    %jmp T_11.2;
T_11.3 ;
    %vpi_call/w 3 220 "$display", "Accelerator finished" {0 0 0};
    %vpi_call/w 3 222 "$display", "Layer 1 done" {0 0 0};
    %load/vec4 v0x88ec8dea0_0;
    %store/vec4 v0x88ec8e120_0, 0, 32;
    %load/vec4 v0x88ec8e120_0;
    %load/vec4 v0x88ec8e300_0;
    %sub;
    %vpi_call/w 3 226 "$display", "L1 cycles = %0d", S<0,vec4,s32> {1 0 0};
    %pushi/vec4 0, 0, 32;
    %store/vec4 v0x88ec8dfe0_0, 0, 32;
T_11.4 ; Top of for-loop
    %load/vec4 v0x88ec8dfe0_0;
    %cmpi/s 32, 0, 32;
	  %jmp/0xz T_11.5, 5;
    %ix/getv/s 4, v0x88ec8dfe0_0;
    %load/vec4a v0x88ec8aee0, 4;
    %ix/getv/s 4, v0x88ec8dfe0_0;
    %store/vec4a v0x88ec8e260, 4, 0;
    %ix/getv/s 4, v0x88ec8dfe0_0;
    %load/vec4a v0x88ec8e260, 4;
    %pad/s 64;
    %ix/getv/s 4, v0x88ec8dfe0_0;
    %load/vec4a v0x88ec8dcc0, 4;
    %pad/s 64;
    %add;
    %store/vec4 v0x88ec8ebc0_0, 0, 64;
    %load/vec4 v0x88ec8ebc0_0;
    %cmpi/s 0, 0, 64;
    %jmp/0xz  T_11.7, 5;
    %pushi/vec4 0, 0, 64;
    %store/vec4 v0x88ec8ebc0_0, 0, 64;
T_11.7 ;
    %load/vec4 v0x88ec8ebc0_0;
    %load/vec4 v0x88ec8e760_0;
    %mul;
    %store/vec4 v0x88ec8ebc0_0, 0, 64;
    %load/vec4 v0x88ec8ebc0_0;
    %ix/load 4, 16, 0;
    %flag_set/imm 4, 0;
    %shiftr/s 4;
    %store/vec4 v0x88ec8ebc0_0, 0, 64;
    %load/vec4 v0x88ec8ebc0_0;
    %cmpi/s 127, 0, 64;
    %flag_or 5, 4; GT is !LE
    %flag_inv 5;
    %jmp/0xz  T_11.9, 5;
    %pushi/vec4 127, 0, 64;
    %store/vec4 v0x88ec8ebc0_0, 0, 64;
    %jmp T_11.10;
T_11.9 ;
    %load/vec4 v0x88ec8ebc0_0;
    %pushi/vec4 4294967295, 0, 32;
    %concati/vec4 4294967168, 0, 32;
    %cmp/s;
    %jmp/0xz  T_11.11, 5;
    %pushi/vec4 4294967295, 0, 32;
    %concati/vec4 4294967168, 0, 32;
    %store/vec4 v0x88ec8ebc0_0, 0, 64;
T_11.11 ;
T_11.10 ;
    %load/vec4 v0x88ec8ebc0_0;
    %parti/s 8, 0, 2;
    %ix/getv/s 4, v0x88ec8dfe0_0;
    %store/vec4a v0x88ec8e1c0, 4, 0;
T_11.6 ; for-loop step statement
    %load/vec4 v0x88ec8dfe0_0;
    %addi 1, 0, 32;
    %store/vec4 v0x88ec8dfe0_0, 0, 32;
    %jmp T_11.4;
T_11.5 ; for-loop exit label
    %pushi/vec4 0, 0, 32;
    %store/vec4 v0x88ec8dfe0_0, 0, 32;
T_11.13 ; Top of for-loop
    %load/vec4 v0x88ec8dfe0_0;
    %cmpi/s 32, 0, 32;
	  %jmp/0xz T_11.14, 5;
    %ix/getv/s 4, v0x88ec8dfe0_0;
    %load/vec4a v0x88ec8e1c0, 4;
    %ix/getv/s 4, v0x88ec8dfe0_0;
    %store/vec4a v0x88ec8a4e0, 4, 0;
T_11.15 ; for-loop step statement
    %load/vec4 v0x88ec8dfe0_0;
    %addi 1, 0, 32;
    %store/vec4 v0x88ec8dfe0_0, 0, 32;
    %jmp T_11.13;
T_11.14 ; for-loop exit label
    %pushi/vec4 1, 0, 16;
    %store/vec4 v0x88ec8da40_0, 0, 16;
    %pushi/vec4 32, 0, 16;
    %store/vec4 v0x88ec8d9a0_0, 0, 16;
    %pushi/vec4 10, 0, 16;
    %store/vec4 v0x88ec8dae0_0, 0, 16;
    %vpi_call/w 3 272 "$display", "Loading Layer 2..." {0 0 0};
    %vpi_call/w 3 274 "$readmemh", "exports/layer2_w_int8.txt", v0x88ec8a9e0, 32'sb00000000000000000000000000000000, 32'sb00000000000000000000000000111111 {0 0 0};
    %vpi_call/w 3 277 "$readmemh", "exports/layer2_b_int32.txt", v0x88ec8dd60, 32'sb00000000000000000000000000000000, 32'sb00000000000000000000000000001001 {0 0 0};
    %wait E_0x88f0a4580;
    %pushi/vec4 1, 0, 1;
    %assign/vec4 v0x88ec8ea80_0, 0;
    %wait E_0x88f0a4580;
    %pushi/vec4 0, 0, 1;
    %assign/vec4 v0x88ec8ea80_0, 0;
    %load/vec4 v0x88ec8dea0_0;
    %store/vec4 v0x88ec8e4e0_0, 0, 32;
T_11.16 ;
    %load/vec4 v0x88ec8df40_0;
    %pad/u 32;
    %pushi/vec4 0, 0, 32;
    %cmp/e;
    %flag_get/vec4 4;
    %cmpi/ne 1, 0, 1;
    %jmp/0xz T_11.17, 6;
    %wait E_0x88f0a44c0;
    %jmp T_11.16;
T_11.17 ;
    %vpi_call/w 3 292 "$display", "Accelerator started" {0 0 0};
T_11.18 ;
    %load/vec4 v0x88ec8df40_0;
    %pad/u 32;
    %pushi/vec4 1, 0, 32;
    %cmp/e;
    %flag_get/vec4 4;
    %cmpi/ne 1, 0, 1;
    %jmp/0xz T_11.19, 6;
    %wait E_0x88f0a44c0;
    %jmp T_11.18;
T_11.19 ;
    %vpi_call/w 3 295 "$display", "Accelerator finished" {0 0 0};
    %vpi_call/w 3 297 "$display", "Layer 2 done" {0 0 0};
    %load/vec4 v0x88ec8dea0_0;
    %store/vec4 v0x88ec8e3a0_0, 0, 32;
    %load/vec4 v0x88ec8e3a0_0;
    %load/vec4 v0x88ec8e4e0_0;
    %sub;
    %vpi_call/w 3 301 "$display", "L2 cycles = %0d", S<0,vec4,s32> {1 0 0};
    %pushi/vec4 2147483648, 0, 32;
    %store/vec4 v0x88ec8e620_0, 0, 32;
    %pushi/vec4 0, 0, 4;
    %store/vec4 v0x88ec8e6c0_0, 0, 4;
    %pushi/vec4 0, 0, 32;
    %store/vec4 v0x88ec8dfe0_0, 0, 32;
T_11.20 ; Top of for-loop
    %load/vec4 v0x88ec8dfe0_0;
    %cmpi/s 10, 0, 32;
	  %jmp/0xz T_11.21, 5;
    %ix/getv/s 4, v0x88ec8dfe0_0;
    %load/vec4a v0x88ec8aee0, 4;
    %ix/getv/s 4, v0x88ec8dfe0_0;
    %store/vec4a v0x88ec8e440, 4, 0;
    %ix/getv/s 4, v0x88ec8dfe0_0;
    %load/vec4a v0x88ec8e440, 4;
    %pad/s 64;
    %ix/getv/s 4, v0x88ec8dfe0_0;
    %load/vec4a v0x88ec8dd60, 4;
    %pad/s 64;
    %add;
    %store/vec4 v0x88ec8ebc0_0, 0, 64;
    %load/vec4 v0x88ec8ebc0_0;
    %load/vec4 v0x88ec8e800_0;
    %mul;
    %store/vec4 v0x88ec8ebc0_0, 0, 64;
    %load/vec4 v0x88ec8ebc0_0;
    %ix/load 4, 16, 0;
    %flag_set/imm 4, 0;
    %shiftr/s 4;
    %store/vec4 v0x88ec8ebc0_0, 0, 64;
    %load/vec4 v0x88ec8ebc0_0;
    %parti/s 32, 0, 2;
    %ix/getv/s 4, v0x88ec8dfe0_0;
    %store/vec4a v0x88ec8e440, 4, 0;
    %vpi_call/w 3 322 "$display", "OUT[%0d] = %0d", v0x88ec8dfe0_0, &A<v0x88ec8e440, v0x88ec8dfe0_0 > {0 0 0};
    %load/vec4 v0x88ec8e620_0;
    %ix/getv/s 4, v0x88ec8dfe0_0;
    %load/vec4a v0x88ec8e440, 4;
    %cmp/s;
    %jmp/0xz  T_11.23, 5;
    %ix/getv/s 4, v0x88ec8dfe0_0;
    %load/vec4a v0x88ec8e440, 4;
    %store/vec4 v0x88ec8e620_0, 0, 32;
    %load/vec4 v0x88ec8dfe0_0;
    %pad/s 4;
    %store/vec4 v0x88ec8e6c0_0, 0, 4;
T_11.23 ;
T_11.22 ; for-loop step statement
    %load/vec4 v0x88ec8dfe0_0;
    %addi 1, 0, 32;
    %store/vec4 v0x88ec8dfe0_0, 0, 32;
    %jmp T_11.20;
T_11.21 ; for-loop exit label
    %vpi_call/w 3 334 "$display", "\000" {0 0 0};
    %vpi_call/w 3 335 "$display", "===== FINAL PREDICTION =====" {0 0 0};
    %vpi_call/w 3 336 "$display", "Digit = %0d", v0x88ec8e6c0_0 {0 0 0};
    %load/vec4 v0x88ec8e120_0;
    %load/vec4 v0x88ec8e300_0;
    %sub;
    %load/vec4 v0x88ec8e3a0_0;
    %load/vec4 v0x88ec8e4e0_0;
    %sub;
    %add;
    %store/vec4 v0x88ec8ec60_0, 0, 32;
    %load/vec4 v0x88ec8e6c0_0;
    %pad/u 32;
    %load/vec4 v0x88ec8e580_0;
    %cmp/e;
    %flag_get/vec4 4;
    %pad/u 32;
    %store/vec4 v0x88ec8e8a0_0, 0, 32;
    %load/vec4 v0x88ec8e120_0;
    %load/vec4 v0x88ec8e300_0;
    %sub;
    %load/vec4 v0x88ec8e3a0_0;
    %load/vec4 v0x88ec8e4e0_0;
    %sub;
    %vpi_call/w 3 341 "$fwrite", v0x88ec8eb20_0, "%0d,%0d,%0d,%0d,%0d,%0d,%0d\012", v0x88ec8e080_0, v0x88ec8e580_0, v0x88ec8e6c0_0, v0x88ec8e8a0_0, S<1,vec4,s32>, S<0,vec4,s32>, v0x88ec8ec60_0 {2 0 0};
    %vpi_call/w 3 352 "$fclose", v0x88ec8eb20_0 {0 0 0};
    %vpi_call/w 3 354 "$display", "===== RESULT =====" {0 0 0};
    %vpi_call/w 3 355 "$display", "Label      = %0d", v0x88ec8e580_0 {0 0 0};
    %vpi_call/w 3 356 "$display", "Prediction = %0d", v0x88ec8e6c0_0 {0 0 0};
    %vpi_call/w 3 357 "$display", "Correct    = %0d", v0x88ec8e8a0_0 {0 0 0};
    %vpi_call/w 3 359 "$finish" {0 0 0};
    %end;
    .thread T_11;
# The file index is used to find the file name in the following table.
:file_names 9;
    "N/A";
    "<interactive>";
    "-";
    "tb/tb_gemm_mnist.v";
    "rtl/gemm_accelerator.v";
    "rtl/mac.v";
    "rtl/sram_A.v";
    "rtl/sram_B.v";
    "rtl/sram_C.v";
